<?xml version="1.0" encoding="UTF-8"?>
<!-- Generated by org.testng.reporters.JUnitReportReporter -->
<testsuite hostname="Kunals-MacBook-Pro.local" failures="0" tests="1" name="com.kunal.testcases.BankManagerLoginTest" time="0.109" errors="0" timestamp="11 Jul 2025 13:55:26 GMT" skipped="0">
  <testcase classname="com.kunal.testcases.BankManagerLoginTest" name="loginAsBankManager" time="0.109"/>
</testsuite> <!-- com.kunal.testcases.BankManagerLoginTest -->
