<?xml version="1.0" encoding="UTF-8"?>
<!-- Generated by org.testng.reporters.JUnitReportReporter -->
<testsuite hostname="Kunals-MacBook-Pro.local" failures="0" tests="2" name="com.kunal.testcases.AddCustomerTest" time="0.523" errors="0" timestamp="2025-07-11T13:16:14 IST" skipped="0">
  <testcase classname="com.kunal.testcases.AddCustomerTest" name="addCustomer" time="0.229">
    <system-out>
      <![CDATA[Test case start: addCustomer
Customer added successfully
Test case finished: addCustomer]]>
    </system-out>
  </testcase> <!-- addCustomer -->
  <testcase classname="com.kunal.testcases.AddCustomerTest" name="addCustomer" time="0.294">
    <system-out>
      <![CDATA[Test case start: addCustomer
Customer added successfully
Test case finished: addCustomer]]>
    </system-out>
  </testcase> <!-- addCustomer -->
  <system-out>
    <![CDATA[Test case start: loginAsBankmanager
<br>Verification failure: expected [abc] but found [xyz]<br>
<a target="_blank" href=Fri_Jul_11_13_16_09_IST_2025error.jpg><img src=Fri_Jul_11_13_16_09_IST_2025error.jpg height=200 width=200></img></a>
<br>
<br>
Captuing screenshot..
Screenshot captured..
<a target="_blank" href=Fri_Jul_11_13_16_09_IST_2025error.jpg>Screenshot</a>
<br>
<br>
<a target="_blank" href=Fri_Jul_11_13_16_09_IST_2025error.jpg><img src =Fri_Jul_11_13_16_09_IST_2025error.jpg height=200 width=200></img></a>
Test case start: addCustomer
Customer added successfully
Test case finished: addCustomer
Test case start: addCustomer
Customer added successfully
Test case finished: addCustomer
Test case start: openAccountTest
Account open successfully
Test case finished: openAccountTest]]>
  </system-out>
</testsuite> <!-- com.kunal.testcases.AddCustomerTest -->
