<?xml version="1.0" encoding="UTF-8"?>
<!-- Generated by org.testng.reporters.JUnitReportReporter -->
<testsuite hostname="Kunals-MacBook-Pro.local" failures="0" tests="1" name="com.kunal.testcases.OpenAccountTest" time="0.371" errors="0" timestamp="2025-07-11T16:17:53 IST" skipped="0">
  <testcase classname="com.kunal.testcases.OpenAccountTest" name="openAccountTest" time="0.371">
    <system-out>
      <![CDATA[Test case start: openAccountTest
Account open successfully
Test case finished: openAccountTest]]>
    </system-out>
  </testcase> <!-- openAccountTest -->
  <system-out>
    <![CDATA[Test case start: loginAsBankmanager
<br>Verification failure: expected [abc] but found [xyz]<br>
<a target="_blank" href=Fri_Jul_11_16_17_48_IST_2025error.jpg><img src=Fri_Jul_11_16_17_48_IST_2025error.jpg height=200 width=200></img></a>
<br>
<br>
Captuing screenshot..
Screenshot captured..
<a target="_blank" href=Fri_Jul_11_16_17_48_IST_2025error.jpg>Screenshot</a>
<br>
<br>
<a target="_blank" href=Fri_Jul_11_16_17_48_IST_2025error.jpg><img src =Fri_Jul_11_16_17_48_IST_2025error.jpg height=200 width=200></img></a>
Test case start: addCustomer
Customer added successfully
Test case finished: addCustomer
Test case start: addCustomer
Customer added successfully
Test case finished: addCustomer
Test case start: openAccountTest
Account open successfully
Test case finished: openAccountTest]]>
  </system-out>
</testsuite> <!-- com.kunal.testcases.OpenAccountTest -->
