<?xml version="1.0" encoding="UTF-8"?>
<!-- Generated by org.testng.reporters.JUnitReportReporter -->
<testsuite hostname="Kunals-MacBook-Pro.local" failures="0" tests="1" name="com.kunal.testcases.BankManagerLoginTest" time="0.101" errors="0" timestamp="11 Jul 2025 14:18:21 GMT" skipped="0">
  <testcase classname="com.kunal.testcases.BankManagerLoginTest" name="loginAsBankManager" time="0.101"/>
</testsuite> <!-- com.kunal.testcases.BankManagerLoginTest -->
