<?xml version="1.0" encoding="UTF-8"?>
<!-- Generated by org.testng.reporters.JUnitReportReporter -->
<testsuite hostname="Kunals-MacBook-Pro.local" failures="0" tests="3" name="com.kunal.testcases.AddCustomerTest" time="0.722" errors="0" timestamp="11 Jul 2025 14:18:21 GMT" skipped="0">
  <testcase classname="com.kunal.testcases.AddCustomerTest" name="addCustomer" time="0.163"/>
  <testcase classname="com.kunal.testcases.AddCustomerTest" name="addCustomer" time="0.399"/>
  <testcase classname="com.kunal.testcases.AddCustomerTest" name="addCustomer" time="0.160"/>
</testsuite> <!-- com.kunal.testcases.AddCustomerTest -->
